TN:
SF:src/app.controller.ts
FN:7,(anonymous_2)
FN:11,(anonymous_3)
FNF:2
FNH:2
FNDA:1,(anonymous_2)
FNDA:1,(anonymous_3)
DA:1,1
DA:2,1
DA:3,1
DA:6,1
DA:7,1
DA:11,1
DA:12,1
LF:7
LH:7
BRF:0
BRH:0
end_of_record
TN:
SF:src/app.module.ts
FNF:0
FNH:0
DA:1,0
DA:2,0
DA:3,0
DA:4,0
DA:5,0
DA:6,0
DA:7,0
DA:8,0
DA:9,0
DA:10,0
DA:29,0
LF:11
LH:0
BRDA:15,0,0,0
BRDA:15,0,1,0
BRF:2
BRH:0
end_of_record
TN:
SF:src/app.service.ts
FN:5,(anonymous_1)
FNF:1
FNH:1
FNDA:1,(anonymous_1)
DA:1,1
DA:4,1
DA:6,1
LF:3
LH:3
BRF:0
BRH:0
end_of_record
TN:
SF:src/logger.service.ts
FN:9,(anonymous_2)
FN:14,(anonymous_3)
FN:27,(anonymous_4)
FN:31,(anonymous_5)
FN:35,(anonymous_6)
FN:39,(anonymous_7)
FN:43,(anonymous_8)
FNF:7
FNH:0
FNDA:0,(anonymous_2)
FNDA:0,(anonymous_3)
FNDA:0,(anonymous_4)
FNDA:0,(anonymous_5)
FNDA:0,(anonymous_6)
FNDA:0,(anonymous_7)
FNDA:0,(anonymous_8)
DA:2,0
DA:3,0
DA:6,0
DA:10,0
DA:15,0
DA:16,0
DA:28,0
DA:32,0
DA:36,0
DA:40,0
DA:44,0
LF:11
LH:0
BRF:0
BRH:0
end_of_record
TN:
SF:src/logging.interceptor.ts
FN:13,(anonymous_2)
FN:15,(anonymous_3)
FN:28,(anonymous_4)
FNF:3
FNH:0
FNDA:0,(anonymous_2)
FNDA:0,(anonymous_3)
FNDA:0,(anonymous_4)
DA:1,0
DA:8,0
DA:9,0
DA:12,0
DA:13,0
DA:16,0
DA:17,0
DA:19,0
DA:25,0
DA:27,0
DA:29,0
DA:30,0
DA:31,0
DA:33,0
LF:14
LH:0
BRF:0
BRH:0
end_of_record
TN:
SF:src/main.ts
FN:6,bootstrap
FNF:1
FNH:0
FNDA:0,bootstrap
DA:1,0
DA:2,0
DA:7,0
DA:9,0
DA:15,0
DA:17,0
LF:6
LH:0
BRF:0
BRH:0
end_of_record
TN:
SF:src/auth/auth.controller.ts
FN:8,(anonymous_4)
FN:13,(anonymous_5)
FN:20,(anonymous_6)
FNF:3
FNH:3
FNDA:3,(anonymous_4)
FNDA:1,(anonymous_5)
FNDA:1,(anonymous_6)
DA:1,1
DA:2,1
DA:3,1
DA:4,1
DA:7,1
DA:8,3
DA:13,1
DA:14,1
DA:20,1
DA:21,1
LF:10
LH:10
BRF:0
BRH:0
end_of_record
TN:
SF:src/auth/auth.module.ts
FN:18,(anonymous_1)
FNF:1
FNH:0
FNDA:0,(anonymous_1)
DA:1,0
DA:2,0
DA:3,0
DA:4,0
DA:5,0
DA:6,0
DA:7,0
DA:8,0
DA:18,0
DA:27,0
LF:10
LH:0
BRF:0
BRH:0
end_of_record
TN:
SF:src/auth/auth.service.ts
FN:11,(anonymous_2)
FN:17,(anonymous_3)
FN:27,(anonymous_4)
FN:40,(anonymous_5)
FNF:4
FNH:4
FNDA:9,(anonymous_2)
FNDA:3,(anonymous_3)
FNDA:2,(anonymous_4)
FNDA:3,(anonymous_5)
DA:1,2
DA:2,2
DA:3,2
DA:4,2
DA:10,2
DA:12,9
DA:13,9
DA:18,3
DA:19,3
DA:20,1
DA:21,1
DA:23,2
DA:28,2
DA:29,2
DA:30,1
DA:33,1
DA:34,1
DA:41,3
DA:42,3
DA:43,1
DA:46,2
DA:47,2
DA:48,2
DA:49,1
DA:52,1
DA:54,1
DA:57,1
DA:58,1
DA:59,0
DA:61,1
LF:30
LH:29
BRDA:19,0,0,1
BRDA:19,1,0,3
BRDA:19,1,1,2
BRDA:29,2,0,1
BRDA:42,3,0,1
BRDA:58,4,0,0
BRF:6
BRH:5
end_of_record
TN:
SF:src/auth/jwt.strategy.ts
FN:9,(anonymous_2)
FN:20,(anonymous_3)
FNF:2
FNH:0
FNDA:0,(anonymous_2)
FNDA:0,(anonymous_3)
DA:1,0
DA:2,0
DA:3,0
DA:4,0
DA:5,0
DA:8,0
DA:10,0
DA:11,0
DA:13,0
DA:21,0
DA:22,0
DA:23,0
DA:24,0
DA:25,0
DA:27,0
LF:15
LH:0
BRDA:24,0,0,0
BRF:1
BRH:0
end_of_record
TN:
SF:src/auth/dto/login.dto.ts
FNF:0
FNH:0
DA:1,1
DA:3,1
DA:5,1
DA:8,1
LF:4
LH:4
BRF:0
BRH:0
end_of_record
TN:
SF:src/auth/dto/register.dto.ts
FNF:0
FNH:0
DA:1,1
DA:3,1
DA:5,1
DA:8,1
DA:15,1
LF:5
LH:5
BRF:0
BRH:0
end_of_record
TN:
SF:src/user/user.controller.ts
FN:8,(anonymous_4)
FN:12,(anonymous_5)
FNF:2
FNH:2
FNDA:2,(anonymous_4)
FNDA:1,(anonymous_5)
DA:1,1
DA:2,1
DA:4,1
DA:7,1
DA:8,2
DA:12,1
DA:13,1
DA:14,1
LF:8
LH:8
BRF:0
BRH:0
end_of_record
TN:
SF:src/user/user.module.ts
FNF:0
FNH:0
DA:1,0
DA:2,0
DA:3,0
DA:4,0
DA:5,0
DA:13,0
LF:6
LH:0
BRF:0
BRH:0
end_of_record
TN:
SF:src/user/user.schema.ts
FNF:0
FNH:0
DA:1,4
DA:7,4
DA:9,4
DA:12,4
DA:15,4
DA:18,4
LF:6
LH:6
BRF:0
BRH:0
end_of_record
TN:
SF:src/user/user.service.ts
FN:8,(anonymous_4)
FN:10,(anonymous_5)
FN:15,(anonymous_6)
FNF:3
FNH:2
FNDA:4,(anonymous_4)
FNDA:0,(anonymous_5)
FNDA:2,(anonymous_6)
DA:1,4
DA:2,4
DA:3,4
DA:4,4
DA:7,4
DA:8,4
DA:11,0
DA:12,0
DA:16,2
LF:9
LH:7
BRF:0
BRH:0
end_of_record
